<?xml version="1.0" encoding="UTF-8"?>
<testng-results skipped="0" failed="0" total="1" passed="1">
  <reporter-output>
  </reporter-output>
  <suite name="Surefire suite" duration-ms="141042" started-at="2017-02-28T21:39:30Z" finished-at="2017-02-28T21:41:51Z">
    <groups>
    </groups>
    <test name="Surefire test" duration-ms="141042" started-at="2017-02-28T21:39:30Z" finished-at="2017-02-28T21:41:51Z">
      <class name="Testcases.PqSubmn">
        <test-method status="PASS" signature="loginAsSupplier()[pri:0, instance:Testcases.PqSubmn@38082d64]" name="loginAsSupplier" is-config="true" duration-ms="7594" started-at="2017-02-28T14:39:30Z" finished-at="2017-02-28T14:39:37Z">
          <reporter-output>
          </reporter-output>
        </test-method> <!-- loginAsSupplier -->
        <test-method status="PASS" signature="priceQuotesubmisn()[pri:0, instance:Testcases.PqSubmn@38082d64]" name="priceQuotesubmisn" duration-ms="133427" started-at="2017-02-28T14:39:37Z" finished-at="2017-02-28T14:41:51Z">
          <reporter-output>
          </reporter-output>
        </test-method> <!-- priceQuotesubmisn -->
      </class> <!-- Testcases.PqSubmn -->
    </test> <!-- Surefire test -->
  </suite> <!-- Surefire suite -->
</testng-results>
