<?xml version="1.0" encoding="UTF-8"?>
<testng-results skipped="0" failed="0" total="1" passed="1">
  <reporter-output>
  </reporter-output>
  <suite name="Surefire suite" duration-ms="19648" started-at="2018-02-22T15:49:15Z" finished-at="2018-02-22T15:49:34Z">
    <groups>
    </groups>
    <test name="Surefire test" duration-ms="19648" started-at="2018-02-22T15:49:15Z" finished-at="2018-02-22T15:49:34Z">
      <class name="Testcases.PqSubmn">
        <test-method status="PASS" signature="loginAsSupplier()[pri:0, instance:Testcases.PqSubmn@26ba2a48]" name="loginAsSupplier" is-config="true" duration-ms="3595" started-at="2018-02-22T08:49:15Z" finished-at="2018-02-22T08:49:18Z">
          <reporter-output>
          </reporter-output>
        </test-method> <!-- loginAsSupplier -->
        <test-method status="PASS" signature="priceQuotesubmisn()[pri:0, instance:Testcases.PqSubmn@26ba2a48]" name="priceQuotesubmisn" duration-ms="16041" started-at="2018-02-22T08:49:18Z" finished-at="2018-02-22T08:49:34Z">
          <reporter-output>
          </reporter-output>
        </test-method> <!-- priceQuotesubmisn -->
      </class> <!-- Testcases.PqSubmn -->
    </test> <!-- Surefire test -->
  </suite> <!-- Surefire suite -->
</testng-results>
